actionid: py26
msg: getenv
cmdargs: [local('/home/phudec/workspace/aptana/authomatic/.tox/py26/bin/pip'), 'install', 'flask', 'pyramid', 'pytest', 'selenium', 'liveandletdie>=0.0.6', 'chromedriver-installer>=0.0.4', 'pyopenssl', 'pyvirtualdisplay', 'python-openid', 'django==1.6']
env: {'PATH': '/home/phudec/workspace/aptana/authomatic/.tox/py26/bin:/home/phudec/workspace/aptana/authomatic/e/bin:/usr/local/p/versions/python:/home/phudec/.pyenv/shims:/home/phudec/.pyenv/bin:/usr/local/sbin:/usr/local/bin:/usr/sbin:/usr/bin:/sbin:/bin:/usr/games:/usr/local/games', 'VIRTUAL_ENV': '/home/phudec/workspace/aptana/authomatic/.tox/py26', 'PYTHONHASHSEED': '1752425321', 'PYTHONPATH': '/home/phudec/workspace/aptana/authomatic'}

/home/phudec/workspace/aptana/authomatic/.tox/py26/lib/python2.6/site-packages/pip/_vendor/requests/packages/urllib3/util/ssl_.py:79: InsecurePlatformWarning: A true SSLContext object is not available. This prevents urllib3 from configuring SSL appropriately and may cause certain SSL connections to fail. For more information, see https://urllib3.readthedocs.org/en/latest/security.html#insecureplatformwarning.
  InsecurePlatformWarning
You are using pip version 6.1.1, however version 7.0.3 is available.
You should consider upgrading via the 'pip install --upgrade pip' command.
Collecting flask
/home/phudec/workspace/aptana/authomatic/.tox/py26/lib/python2.6/site-packages/pip/_vendor/requests/packages/urllib3/util/ssl_.py:79: InsecurePlatformWarning: A true SSLContext object is not available. This prevents urllib3 from configuring SSL appropriately and may cause certain SSL connections to fail. For more information, see https://urllib3.readthedocs.org/en/latest/security.html#insecureplatformwarning.
  InsecurePlatformWarning
  Using cached Flask-0.10.1.tar.gz
Collecting pyramid
  Using cached pyramid-1.5.7-py2.py3-none-any.whl
Collecting pytest
  Using cached pytest-2.7.1-py2.py3-none-any.whl
Collecting selenium
  Using cached selenium-2.46.0.tar.gz
Collecting liveandletdie>=0.0.6
  Downloading liveandletdie-0.0.6.tar.gz
Collecting chromedriver-installer>=0.0.4
  Using cached chromedriver_installer-0.0.4.tar.gz
Collecting pyopenssl
  Using cached pyOpenSSL-0.15.1-py2.py3-none-any.whl
Collecting pyvirtualdisplay
  Using cached PyVirtualDisplay-0.1.5.tar.gz
Collecting python-openid
  Using cached python-openid-2.2.5.tar.gz
Collecting django==1.6
  Using cached Django-1.6-py2.py3-none-any.whl
Collecting Werkzeug>=0.7 (from flask)
  Using cached Werkzeug-0.10.4-py2.py3-none-any.whl
Collecting Jinja2>=2.4 (from flask)
  Using cached Jinja2-2.7.3.tar.gz
Collecting itsdangerous>=0.21 (from flask)
  Using cached itsdangerous-0.24.tar.gz
Collecting translationstring>=0.4 (from pyramid)
  Using cached translationstring-1.3-py2.py3-none-any.whl
Collecting WebOb>=1.3.1 (from pyramid)
  Using cached WebOb-1.4.1.tar.gz
Collecting PasteDeploy>=1.5.0 (from pyramid)
  Using cached PasteDeploy-1.5.2-py2.py3-none-any.whl
Collecting venusian>=1.0a3 (from pyramid)
  Using cached venusian-1.0.tar.gz
Collecting zope.deprecation>=3.5.0 (from pyramid)
  Using cached zope.deprecation-4.1.2.tar.gz
Requirement already satisfied (use --upgrade to upgrade): setuptools in ./.tox/py26/lib/python2.6/site-packages (from pyramid)
Collecting repoze.lru>=0.4 (from pyramid)
  Using cached repoze.lru-0.6.tar.gz
Collecting zope.interface>=3.8.0 (from pyramid)
  Using cached zope.interface-4.1.2.tar.gz
Collecting argparse (from pytest)
  Using cached argparse-1.3.0-py2.py3-none-any.whl
Collecting py>=1.4.25 (from pytest)
  Using cached py-1.4.28-py2.py3-none-any.whl
Collecting requests (from liveandletdie>=0.0.6)
  Using cached requests-2.7.0-py2.py3-none-any.whl
Collecting cryptography>=0.7 (from pyopenssl)
  Using cached cryptography-0.9.1.tar.gz
Collecting six>=1.5.2 (from pyopenssl)
  Using cached six-1.9.0-py2.py3-none-any.whl
Collecting EasyProcess (from pyvirtualdisplay)
  Using cached EasyProcess-0.1.9.tar.gz
Collecting markupsafe (from Jinja2>=2.4->flask)
  Using cached MarkupSafe-0.23.tar.gz
Collecting idna (from cryptography>=0.7->pyopenssl)
  Using cached idna-2.0-py2.py3-none-any.whl
Collecting pyasn1 (from cryptography>=0.7->pyopenssl)
  Using cached pyasn1-0.1.7.tar.gz
Collecting enum34 (from cryptography>=0.7->pyopenssl)
  Using cached enum34-1.0.4.tar.gz
Collecting ipaddress (from cryptography>=0.7->pyopenssl)
  Using cached ipaddress-1.0.7.tar.gz
Collecting cffi>=0.8 (from cryptography>=0.7->pyopenssl)
  Using cached cffi-1.1.2.tar.gz
Collecting ordereddict (from enum34->cryptography>=0.7->pyopenssl)
  Using cached ordereddict-1.1.tar.gz
Collecting pycparser (from cffi>=0.8->cryptography>=0.7->pyopenssl)
  Using cached pycparser-2.14.tar.gz
Installing collected packages: Werkzeug, markupsafe, Jinja2, itsdangerous, flask, translationstring, WebOb, PasteDeploy, venusian, zope.deprecation, repoze.lru, zope.interface, pyramid, argparse, py, pytest, selenium, requests, liveandletdie, chromedriver-installer, idna, pyasn1, six, ordereddict, enum34, ipaddress, pycparser, cffi, cryptography, pyopenssl, EasyProcess, pyvirtualdisplay, python-openid, django
  Running setup.py install for markupsafe
  Running setup.py install for Jinja2
  Running setup.py install for itsdangerous
  Running setup.py install for flask
  Running setup.py install for WebOb
  Running setup.py install for venusian
  Running setup.py install for zope.deprecation
  Running setup.py install for repoze.lru
  Running setup.py install for zope.interface
  Running setup.py install for selenium
  Running setup.py install for liveandletdie
  Running setup.py install for chromedriver-installer
  Running setup.py install for pyasn1
  Running setup.py install for ordereddict
  Running setup.py install for enum34
  Running setup.py install for ipaddress
  Running setup.py install for pycparser
  Running setup.py install for cffi
  Running setup.py install for cryptography
  Running setup.py install for EasyProcess
  Running setup.py install for pyvirtualdisplay
  Running setup.py install for python-openid
Successfully installed EasyProcess-0.1.9 Jinja2-2.7.3 PasteDeploy-1.5.2 WebOb-1.4.1 Werkzeug-0.10.4 argparse-1.3.0 cffi-1.1.2 chromedriver-installer-0.0.4 cryptography-0.9.1 django-1.6 enum34-1.0.4 flask-0.10.1 idna-2.0 ipaddress-1.0.7 itsdangerous-0.24 liveandletdie-0.0.6 markupsafe-0.23 ordereddict-1.1 py-1.4.28 pyasn1-0.1.7 pycparser-2.14 pyopenssl-0.15.1 pyramid-1.5.7 pytest-2.7.1 python-openid-2.2.5 pyvirtualdisplay-0.1.5 repoze.lru-0.6 requests-2.7.0 selenium-2.46.0 six-1.9.0 translationstring-1.3 venusian-1.0 zope.deprecation-4.1.2 zope.interface-4.1.2
